This is XeTeX, Version 3.14159265-2.6-0.99999 (MiKTeX 2.9.6930 64-bit) (preloaded format=xelatex 2019.1.11)  15 JAN 2019 18:01
entering extended mode
**./main.tex
(main.tex
LaTeX2e <2018-12-01>
(C:\Users\tdtce\AppData\Roaming\MiKTeX\2.9\tex/latex/extsizes\extarticle.cls
Document Class: extarticle 1996/10/08 v1.0 Non Standard LaTeX document class
(C:\Users\tdtce\AppData\Roaming\MiKTeX\2.9\tex/latex/extsizes\size14.clo
File: size14.clo 1999/11/11 v1.4a NON-Standard LaTeX file (size option)
)
(A:\Latex\tex/latex/base\exscale.sty
Package: exscale 2018/09/24 v2.1i Standard LaTeX package exscale
LaTeX Font Info:    Redeclaring symbol font `largesymbols' on input line 57.
LaTeX Font Info:    Overwriting symbol font `largesymbols' in version `normal'
(Font)                  OMX/cmex/m/n --> OMX/cmex/m/n on input line 57.
LaTeX Font Info:    Overwriting symbol font `largesymbols' in version `bold'
(Font)                  OMX/cmex/m/n --> OMX/cmex/m/n on input line 57.
\big@size=\dimen102
)
\c@part=\count80
\c@section=\count81
\c@subsection=\count82
\c@subsubsection=\count83
\c@paragraph=\count84
\c@subparagraph=\count85
\c@figure=\count86
\c@table=\count87
\abovecaptionskip=\skip41
\belowcaptionskip=\skip42
\bibindent=\dimen103
) (inc/preamble.tex
(A:\Latex\tex/latex/fontspec\fontspec.sty
(C:\Users\tdtce\AppData\Roaming\MiKTeX\2.9\tex/latex/l3packages/xparse\xparse.s
ty (C:\Users\tdtce\AppData\Roaming\MiKTeX\2.9\tex/latex/l3kernel\expl3.sty
Package: expl3 2019-01-01 L3 programming layer (loader) 

(C:\Users\tdtce\AppData\Roaming\MiKTeX\2.9\tex/latex/l3kernel\expl3-code.tex
Package: expl3 2019-01-01 L3 programming layer (code)
\c_max_int=\count88
\l_tmpa_int=\count89
\l_tmpb_int=\count90
\g_tmpa_int=\count91
\g_tmpb_int=\count92
\g__kernel_prg_map_int=\count93
\c_log_iow=\count94
\l_iow_line_count_int=\count95
\l__iow_line_target_int=\count96
\l__iow_one_indent_int=\count97
\l__iow_indent_int=\count98
\c_zero_dim=\dimen104
\c_max_dim=\dimen105
\l_tmpa_dim=\dimen106
\l_tmpb_dim=\dimen107
\g_tmpa_dim=\dimen108
\g_tmpb_dim=\dimen109
\c_zero_skip=\skip43
\c_max_skip=\skip44
\l_tmpa_skip=\skip45
\l_tmpb_skip=\skip46
\g_tmpa_skip=\skip47
\g_tmpb_skip=\skip48
\c_zero_muskip=\muskip10
\c_max_muskip=\muskip11
\l_tmpa_muskip=\muskip12
\l_tmpb_muskip=\muskip13
\g_tmpa_muskip=\muskip14
\g_tmpb_muskip=\muskip15
\l_keys_choice_int=\count99
\l__intarray_loop_int=\count100
\c__intarray_sp_dim=\dimen110
\g__intarray_font_int=\count101
\c__fp_leading_shift_int=\count102
\c__fp_middle_shift_int=\count103
\c__fp_trailing_shift_int=\count104
\c__fp_big_leading_shift_int=\count105
\c__fp_big_middle_shift_int=\count106
\c__fp_big_trailing_shift_int=\count107
\c__fp_Bigg_leading_shift_int=\count108
\c__fp_Bigg_middle_shift_int=\count109
\c__fp_Bigg_trailing_shift_int=\count110
\g__fp_array_int=\count111
\l__fp_array_loop_int=\count112
\l__sort_length_int=\count113
\l__sort_min_int=\count114
\l__sort_top_int=\count115
\l__sort_max_int=\count116
\l__sort_true_max_int=\count117
\l__sort_block_int=\count118
\l__sort_begin_int=\count119
\l__sort_end_int=\count120
\l__sort_A_int=\count121
\l__sort_B_int=\count122
\l__sort_C_int=\count123
\l__tl_analysis_normal_int=\count124
\l__tl_analysis_index_int=\count125
\l__tl_analysis_nesting_int=\count126
\l__tl_analysis_type_int=\count127
\l__regex_internal_a_int=\count128
\l__regex_internal_b_int=\count129
\l__regex_internal_c_int=\count130
\l__regex_balance_int=\count131
\l__regex_group_level_int=\count132
\l__regex_mode_int=\count133
\c__regex_cs_in_class_mode_int=\count134
\c__regex_cs_mode_int=\count135
\l__regex_catcodes_int=\count136
\l__regex_default_catcodes_int=\count137
\c__regex_catcode_L_int=\count138
\c__regex_catcode_O_int=\count139
\c__regex_catcode_A_int=\count140
\c__regex_all_catcodes_int=\count141
\l__regex_show_lines_int=\count142
\l__regex_min_state_int=\count143
\l__regex_max_state_int=\count144
\l__regex_left_state_int=\count145
\l__regex_right_state_int=\count146
\l__regex_capturing_group_int=\count147
\l__regex_min_pos_int=\count148
\l__regex_max_pos_int=\count149
\l__regex_curr_pos_int=\count150
\l__regex_start_pos_int=\count151
\l__regex_success_pos_int=\count152
\l__regex_curr_char_int=\count153
\l__regex_curr_catcode_int=\count154
\l__regex_last_char_int=\count155
\l__regex_case_changed_char_int=\count156
\l__regex_curr_state_int=\count157
\l__regex_step_int=\count158
\l__regex_min_active_int=\count159
\l__regex_max_active_int=\count160
\l__regex_replacement_csnames_int=\count161
\l__regex_match_count_int=\count162
\l__regex_min_submatch_int=\count163
\l__regex_submatch_int=\count164
\l__regex_zeroth_submatch_int=\count165
\g__regex_trace_regex_int=\count166
\c_empty_box=\box27
\l_tmpa_box=\box28
\l_tmpb_box=\box29
\g_tmpa_box=\box30
\g_tmpb_box=\box31
\l__box_top_dim=\dimen111
\l__box_bottom_dim=\dimen112
\l__box_left_dim=\dimen113
\l__box_right_dim=\dimen114
\l__box_top_new_dim=\dimen115
\l__box_bottom_new_dim=\dimen116
\l__box_left_new_dim=\dimen117
\l__box_right_new_dim=\dimen118
\l__box_internal_box=\box32
\l__coffin_internal_box=\box33
\l__coffin_internal_dim=\dimen119
\l__coffin_offset_x_dim=\dimen120
\l__coffin_offset_y_dim=\dimen121
\l__coffin_x_dim=\dimen122
\l__coffin_y_dim=\dimen123
\l__coffin_x_prime_dim=\dimen124
\l__coffin_y_prime_dim=\dimen125
\c_empty_coffin=\box34
\l__coffin_aligned_coffin=\box35
\l__coffin_aligned_internal_coffin=\box36
\l_tmpa_coffin=\box37
\l_tmpb_coffin=\box38
\l__coffin_display_coffin=\box39
\l__coffin_display_coord_coffin=\box40
\l__coffin_display_pole_coffin=\box41
\l__coffin_display_offset_dim=\dimen126
\l__coffin_display_x_dim=\dimen127
\l__coffin_display_y_dim=\dimen128
\g__file_internal_ior=\read1
\l__coffin_bounding_shift_dim=\dimen129
\l__coffin_left_corner_dim=\dimen130
\l__coffin_right_corner_dim=\dimen131
\l__coffin_bottom_corner_dim=\dimen132
\l__coffin_top_corner_dim=\dimen133
\l__coffin_scaled_total_height_dim=\dimen134
\l__coffin_scaled_width_dim=\dimen135
\l__seq_internal_a_int=\count167
\l__seq_internal_b_int=\count168
)
(C:\Users\tdtce\AppData\Roaming\MiKTeX\2.9\tex/latex/l3kernel\l3xdvipdfmx.def
File: l3xdvidpfmx.def 2019-01-01 v L3 Experimental driver: xdvipdfmx
\g__driver_image_int=\count169
\g__driver_pdf_object_int=\count170
))
Package: xparse 2018-10-17 L3 Experimental document command parser
\l__xparse_current_arg_int=\count171
\g__xparse_grabber_int=\count172
\l__xparse_m_args_int=\count173
\l__xparse_mandatory_args_int=\count174
\l__xparse_v_nesting_int=\count175
)
Package: fontspec 2018/07/30 vv2.6h Font selection for XeLaTeX and LuaLaTeX
 (A:\Latex\tex/latex/fontspec\fontspec-xetex.sty
Package: fontspec-xetex 2018/07/30 vv2.6h Font selection for XeLaTeX and LuaLaT
eX
\l__fontspec_script_int=\count176
\l__fontspec_language_int=\count177
\l__fontspec_strnum_int=\count178
\l__fontspec_tmp_int=\count179
\l__fontspec_em_int=\count180
\l__fontspec_emdef_int=\count181
\l__fontspec_strong_int=\count182
\l__fontspec_strongdef_int=\count183
\l__fontspec_tmpa_dim=\dimen136
\l__fontspec_tmpb_dim=\dimen137
\l__fontspec_tmpc_dim=\dimen138

(A:\Latex\tex/latex/base\fontenc.sty
Package: fontenc 2018/08/11 v2.0j Standard LaTeX package
 (A:\Latex\tex/latex/base\tuenc.def
File: tuenc.def 2018/08/11 v2.0j Standard LaTeX file
LaTeX Font Info:    Redeclaring font encoding TU on input line 82.
))
(A:\Latex\tex/latex/fontspec\fontspec.cfg)
LaTeX Info: Redefining \itshape on input line 3910.
LaTeX Info: Redefining \slshape on input line 3915.
LaTeX Info: Redefining \scshape on input line 3920.
LaTeX Info: Redefining \upshape on input line 3925.
LaTeX Info: Redefining \em on input line 3955.
LaTeX Info: Redefining \emph on input line 3980.
LaTeX Info: Redefining \- on input line 4034.
))
(A:\Latex\tex/xelatex/xunicode\xunicode.sty
File: xunicode.sty 2011/09/09 v0.981 provides access to latin accents and many 
other characters in Unicode lower plane

(C:\Users\tdtce\AppData\Roaming\MiKTeX\2.9\tex/latex/tipa\t3enc.def
File: t3enc.def 2001/12/31 T3 encoding
)
\tipaTiiicode=\count184
\tipasavetokens=\toks14
\tipachecktokens=\toks15

(A:\Latex\tex/latex/graphics\graphicx.sty
Package: graphicx 2017/06/01 v1.1a Enhanced LaTeX Graphics (DPC,SPQR)

(A:\Latex\tex/latex/graphics\keyval.sty
Package: keyval 2014/10/28 v1.15 key=value parser (DPC)
\KV@toks@=\toks16
)
(A:\Latex\tex/latex/graphics\graphics.sty
Package: graphics 2017/06/25 v1.2c Standard LaTeX Graphics (DPC,SPQR)
 (A:\Latex\tex/latex/graphics\trig.sty
Package: trig 2016/01/03 v1.10 sin cos tan (DPC)
) (A:\Latex\tex/latex/graphics-cfg\graphics.cfg
File: graphics.cfg 2016/06/04 v1.11 sample graphics configuration
)
Package graphics Info: Driver file: xetex.def on input line 99.

(A:\Latex\tex/latex/graphics-def\xetex.def
File: xetex.def 2017/06/24 v5.0h Graphics/color driver for xetex
))
\Gin@req@height=\dimen139
\Gin@req@width=\dimen140
))
(A:\Latex\tex/latex/xltxtra\xltxtra.sty
Package: xltxtra 2018/12/31 v0.7 Improvements for the "XeLaTeX" format

(A:\Latex\tex/generic/oberdiek\ifluatex.sty
Package: ifluatex 2016/05/16 v1.4 Provides the ifluatex switch (HO)
Package ifluatex Info: LuaTeX not detected.
)
(A:\Latex\tex/generic/ifxetex\ifxetex.sty
Package: ifxetex 2010/09/12 v0.6 Provides ifxetex conditional
)
(C:\Users\tdtce\AppData\Roaming\MiKTeX\2.9\tex/latex/realscripts\realscripts.st
y
Package: realscripts 2016/02/13 v0.3d Access OpenType subscripts and superscrip
ts
\subsupersep=\dimen141
) (C:\Users\tdtce\AppData\Roaming\MiKTeX\2.9\tex/latex/metalogo\metalogo.sty
Package: metalogo 2010/05/29 v0.12 Extended TeX logo macros
\xl@everylogo=\toks17
\xl@@everylogo=\toks18
LaTeX Info: Redefining \TeX on input line 193.
LaTeX Info: Redefining \LaTeX on input line 202.
LaTeX Info: Redefining \LaTeXe on input line 219.
)
\l__xetex_show_hyphens_wrapping_box=\box42
\l__xetex_show_hyphens_temp_box=\box43
\l__xetex_show_hyphens_final_box=\box44
\g__xetex_show_hyphens_word_box=\box45
) (C:\Users\tdtce\AppData\Roaming\MiKTeX\2.9\tex/latex/pdfpages\pdfpages.sty
Package: pdfpages 2017/10/31 v0.5l Insert pages of external PDF documents (AM)

(A:\Latex\tex/latex/base\ifthen.sty
Package: ifthen 2014/09/29 v1.1c Standard LaTeX ifthen package (DPC)
) (A:\Latex\tex/latex/tools\calc.sty
Package: calc 2017/05/25 v4.3 Infix arithmetic (KKT,FJ)
\calc@Acount=\count185
\calc@Bcount=\count186
\calc@Adimen=\dimen142
\calc@Bdimen=\dimen143
\calc@Askip=\skip49
\calc@Bskip=\skip50
LaTeX Info: Redefining \setlength on input line 80.
LaTeX Info: Redefining \addtolength on input line 81.
\calc@Ccount=\count187
\calc@Cskip=\skip51
)
(C:\Users\tdtce\AppData\Roaming\MiKTeX\2.9\tex/latex/eso-pic\eso-pic.sty
Package: eso-pic 2018/04/12 v2.0h eso-pic (RN)

(A:\Latex\tex/generic/oberdiek\atbegshi.sty
Package: atbegshi 2016/06/09 v1.18 At begin shipout hook (HO)

(A:\Latex\tex/generic/oberdiek\infwarerr.sty
Package: infwarerr 2016/05/16 v1.4 Providing info/warning/error messages (HO)
)
(A:\Latex\tex/generic/oberdiek\ltxcmds.sty
Package: ltxcmds 2016/05/16 v1.23 LaTeX kernel commands for general use (HO)
)
(A:\Latex\tex/generic/oberdiek\ifpdf.sty
Package: ifpdf 2018/09/07 v3.3 Provides the ifpdf switch
))
(C:\Users\tdtce\AppData\Roaming\MiKTeX\2.9\tex/latex/xcolor\xcolor.sty
Package: xcolor 2016/05/11 v2.12 LaTeX color extensions (UK)

(A:\Latex\tex/latex/graphics-cfg\color.cfg
File: color.cfg 2016/01/02 v1.6 sample color configuration
)
Package xcolor Info: Driver file: xetex.def on input line 225.
Package xcolor Info: Model `cmy' substituted by `cmy0' on input line 1348.
Package xcolor Info: Model `RGB' extended on input line 1364.
Package xcolor Info: Model `HTML' substituted by `rgb' on input line 1366.
Package xcolor Info: Model `Hsb' substituted by `hsb' on input line 1367.
Package xcolor Info: Model `tHsb' substituted by `hsb' on input line 1368.
Package xcolor Info: Model `HSB' substituted by `hsb' on input line 1369.
Package xcolor Info: Model `Gray' substituted by `gray' on input line 1370.
Package xcolor Info: Model `wave' substituted by `hsb' on input line 1371.
))
\AM@pagewidth=\dimen144
\AM@pageheight=\dimen145

(C:\Users\tdtce\AppData\Roaming\MiKTeX\2.9\tex/latex/pdfpages\ppxetex.def
File: ppxetex.def 2017/10/31 v0.5l Pdfpages driver for XeTeX (AM)
)
\AM@pagebox=\box46
\AM@global@opts=\toks19
\AM@toc@title=\toks20
\c@AM@survey=\count188
\AM@templatesizebox=\box47
)
(A:\Latex\tex/latex/tools\array.sty
Package: array 2018/11/13 v2.4j Tabular extension package (FMi)
\col@sep=\dimen146
\ar@mcellbox=\box48
\extrarowheight=\dimen147
\NC@list=\toks21
\extratabsurround=\skip52
\backup@length=\skip53
\ar@cellbox=\box49
)
(C:\Users\tdtce\AppData\Roaming\MiKTeX\2.9\tex/latex/listings\listings.sty
\lst@mode=\count189
\lst@gtempboxa=\box50
\lst@token=\toks22
\lst@length=\count190
\lst@currlwidth=\dimen148
\lst@column=\count191
\lst@pos=\count192
\lst@lostspace=\dimen149
\lst@width=\dimen150
\lst@newlines=\count193
\lst@lineno=\count194
\lst@maxwidth=\dimen151

(C:\Users\tdtce\AppData\Roaming\MiKTeX\2.9\tex/latex/listings\lstmisc.sty
File: lstmisc.sty 2018/09/02 1.7 (Carsten Heinz)
\c@lstnumber=\count195
\lst@skipnumbers=\count196
\lst@framebox=\box51
)
(C:\Users\tdtce\AppData\Roaming\MiKTeX\2.9\tex/latex/listings\listings.cfg
File: listings.cfg 2018/09/02 1.7 listings configuration
))
Package: listings 2018/09/02 1.7 (Carsten Heinz)

Package fontspec Info: Font family 'TimesNewRoman(0)' created for font 'Times
(fontspec)             New Roman' with options [Ligatures=TeX,Ligatures=TeX].
(fontspec)              
(fontspec)              This font family consists of the following NFSS
(fontspec)             series/shapes:
(fontspec)              
(fontspec)             - 'normal' (m/n) with NFSS spec.: <->"Times New
(fontspec)             Roman/OT:script=latn;language=DFLT;mapping=tex-text;"
(fontspec)             - 'small caps'  (m/sc) with NFSS spec.: <->"Times New
(fontspec)             Roman/OT:script=latn;language=DFLT;+smcp;mapping=tex-tex
t;"
(fontspec)             - 'bold' (bx/n) with NFSS spec.: <->"Times New
(fontspec)             Roman/B/OT:script=latn;language=DFLT;mapping=tex-text;"
(fontspec)             - 'bold small caps'  (bx/sc) with NFSS spec.: <->"Times
(fontspec)             New
(fontspec)             Roman/B/OT:script=latn;language=DFLT;+smcp;mapping=tex-t
ext;"
(fontspec)             - 'italic' (m/it) with NFSS spec.: <->"Times New
(fontspec)             Roman/I/OT:script=latn;language=DFLT;mapping=tex-text;"
(fontspec)             - 'italic small caps'  (m/itsc) with NFSS spec.:
(fontspec)             <->"Times New
(fontspec)             Roman/I/OT:script=latn;language=DFLT;+smcp;mapping=tex-t
ext;"
(fontspec)             - 'bold italic' (bx/it) with NFSS spec.: <->"Times New
(fontspec)             Roman/BI/OT:script=latn;language=DFLT;mapping=tex-text;"

(fontspec)             - 'bold italic small caps'  (bx/itsc) with NFSS spec.:
(fontspec)             <->"Times New
(fontspec)             Roman/BI/OT:script=latn;language=DFLT;+smcp;mapping=tex-
text;"

LaTeX Info: Redefining \rmfamily on input line 21.

(A:\Latex\tex/generic/babel\babel.sty
Package: babel 2018/11/13 3.27 The Babel package
 (A:\Latex\tex/generic/babel\switch.def
File: switch.def 2018/11/13 3.27 Babel switching mechanism
)
*************************************
* Local config file bblopts.cfg used
*
(C:\Users\tdtce\AppData\Roaming\MiKTeX\2.9\tex/latex/arabi\bblopts.cfg
File: bblopts.cfg 2005/09/08 v0.1 add Arabic and Farsi to "declared" options of
 babel
)
(A:\Latex\tex/latex/babel-english\english.ldf
Language: english 2017/06/06 v3.3r English support from the babel system

(A:\Latex\tex/generic/babel\babel.def
File: babel.def 2018/11/13 3.27 Babel common definitions
\babel@savecnt=\count197
\U@D=\dimen152
 (A:\Latex\tex/generic/babel\xebabel.def
(A:\Latex\tex/generic/babel\txtbabel.def))
\bbl@dirlevel=\count198
)
\l@canadian = a dialect from \language\l@american 
\l@australian = a dialect from \language\l@british 
\l@newzealand = a dialect from \language\l@british 
)
(C:\Users\tdtce\AppData\Roaming\MiKTeX\2.9\tex/latex/babel-russian\russianb.ldf
Language: russian 2017/08/12 1.3j Russian support for the Babel system
Package babel Info: Making " an active character on input line 120.
Package babel Info: Default for \cyrdash is provided on input line 157.
)) (A:\Latex\tex/latex/amsfonts\amssymb.sty
Package: amssymb 2013/01/14 v3.01 AMS font symbols

(A:\Latex\tex/latex/amsfonts\amsfonts.sty
Package: amsfonts 2013/01/14 v3.01 Basic AMSFonts support
\@emptytoks=\toks23
\symAMSa=\mathgroup4
\symAMSb=\mathgroup5
LaTeX Font Info:    Overwriting math alphabet `\mathfrak' in version `bold'
(Font)                  U/euf/m/n --> U/euf/b/n on input line 106.
))
(A:\Latex\tex/latex/amsmath\amsmath.sty
Package: amsmath 2018/12/01 v2.17b AMS math features
\@mathmargin=\skip54

For additional information on amsmath, use the `?' option.
(A:\Latex\tex/latex/amsmath\amstext.sty
Package: amstext 2000/06/29 v2.01 AMS text
 (A:\Latex\tex/latex/amsmath\amsgen.sty
File: amsgen.sty 1999/11/30 v2.0 generic functions
\@emptytoks=\toks24
\ex@=\dimen153
)) (A:\Latex\tex/latex/amsmath\amsbsy.sty
Package: amsbsy 1999/11/29 v1.2d Bold Symbols
\pmbraise@=\dimen154
)
(A:\Latex\tex/latex/amsmath\amsopn.sty
Package: amsopn 2016/03/08 v2.02 operator names
)
\inf@bad=\count199
LaTeX Info: Redefining \frac on input line 223.
\uproot@=\count266
\leftroot@=\count267
LaTeX Info: Redefining \overline on input line 385.
\classnum@=\count268
\DOTSCASE@=\count269
LaTeX Info: Redefining \ldots on input line 482.
LaTeX Info: Redefining \dots on input line 485.
LaTeX Info: Redefining \cdots on input line 606.
\Mathstrutbox@=\box52
\strutbox@=\box53
\big@size=\dimen155
LaTeX Font Info:    Redeclaring font encoding OML on input line 729.
LaTeX Font Info:    Redeclaring font encoding OMS on input line 730.
\macc@depth=\count270
\c@MaxMatrixCols=\count271
\dotsspace@=\muskip16
\c@parentequation=\count272
\dspbrk@lvl=\count273
\tag@help=\toks25
\row@=\count274
\column@=\count275
\maxfields@=\count276
\andhelp@=\toks26
\eqnshift@=\dimen156
\alignsep@=\dimen157
\tagshift@=\dimen158
\tagwidth@=\dimen159
\totwidth@=\dimen160
\lineht@=\dimen161
\@envbody=\toks27
\multlinegap=\skip55
\multlinetaggap=\skip56
\mathdisplay@stack=\toks28
LaTeX Info: Redefining \[ on input line 2844.
LaTeX Info: Redefining \] on input line 2845.
)
(A:\Latex\tex/latex/tools\enumerate.sty
Package: enumerate 2015/07/23 v3.00 enumerate extensions (DPC)
\@enLab=\toks29
)
(A:\Latex\tex/latex/tools\indentfirst.sty
Package: indentfirst 1995/11/23 v1.03 Indent first paragraph (DPC)
) (A:\Latex\tex/latex/float\float.sty
Package: float 2001/11/08 v1.3d Float enhancements (AL)
\c@float@type=\count277
\float@exts=\toks30
\float@box=\box54
\@float@everytoks=\toks31
\@floatcapt=\box55
) (A:\Latex\tex/latex/multirow\multirow.sty
Package: multirow 2019/01/01 v2.4 Span multiple rows of a table
\multirow@colwidth=\skip57
\multirow@cntb=\count278
\multirow@dima=\skip58
\bigstrutjot=\dimen162
)
(C:\Users\tdtce\AppData\Roaming\MiKTeX\2.9\tex/latex/chngcntr\chngcntr.sty
Package: chngcntr 2018/04/09 v1.1a change counter resetting
Package chngcntr Info: \counterwithout already defined.
(chngcntr)             Quitting chngcntr on input line 21.
)
(A:\Latex\tex/latex/hyperref\hyperref.sty
Package: hyperref 2018/11/30 v6.88e Hypertext links for LaTeX

(A:\Latex\tex/generic/oberdiek\hobsub-hyperref.sty
Package: hobsub-hyperref 2016/05/16 v1.14 Bundle oberdiek, subset hyperref (HO)


(A:\Latex\tex/generic/oberdiek\hobsub-generic.sty
Package: hobsub-generic 2016/05/16 v1.14 Bundle oberdiek, subset generic (HO)
Package: hobsub 2016/05/16 v1.14 Construct package bundles (HO)
Package hobsub Info: Skipping package `infwarerr' (already loaded).
Package hobsub Info: Skipping package `ltxcmds' (already loaded).
Package hobsub Info: Skipping package `ifluatex' (already loaded).
Package: ifvtex 2016/05/16 v1.6 Detect VTeX and its facilities (HO)
Package ifvtex Info: VTeX not detected.
Package: intcalc 2016/05/16 v1.2 Expandable calculations with integers (HO)
Package hobsub Info: Skipping package `ifpdf' (already loaded).
Package: etexcmds 2016/05/16 v1.6 Avoid name clashes with e-TeX commands (HO)
Package: kvsetkeys 2016/05/16 v1.17 Key value parser (HO)
Package: kvdefinekeys 2016/05/16 v1.4 Define keys (HO)
Package: pdftexcmds 2018/09/10 v0.29 Utility functions of pdfTeX for LuaTeX (HO
)
Package pdftexcmds Info: LuaTeX not detected.
Package pdftexcmds Info: pdfTeX >= 1.30 not detected.
Package pdftexcmds Info: \pdf@primitive is available.
Package pdftexcmds Info: \pdf@ifprimitive is available.
Package pdftexcmds Info: \pdfdraftmode not found.
Package: pdfescape 2016/05/16 v1.14 Implements pdfTeX's escape features (HO)
Package: bigintcalc 2016/05/16 v1.4 Expandable calculations on big integers (HO
)
Package: bitset 2016/05/16 v1.2 Handle bit-vector datatype (HO)
Package: uniquecounter 2016/05/16 v1.3 Provide unlimited unique counter (HO)
)
Package hobsub Info: Skipping package `hobsub' (already loaded).
Package: letltxmacro 2016/05/16 v1.5 Let assignment for LaTeX macros (HO)
Package: hopatch 2016/05/16 v1.3 Wrapper for package hooks (HO)
Package: xcolor-patch 2016/05/16 xcolor patch
Package: atveryend 2016/05/16 v1.9 Hooks at the very end of document (HO)
Package atveryend Info: \enddocument detected (standard20110627).
Package hobsub Info: Skipping package `atbegshi' (already loaded).
Package: refcount 2016/05/16 v3.5 Data extraction from label references (HO)
Package: hycolor 2016/05/16 v1.8 Color options for hyperref/bookmark (HO)
)
(A:\Latex\tex/latex/oberdiek\auxhook.sty
Package: auxhook 2016/05/16 v1.4 Hooks for auxiliary files (HO)
)
(A:\Latex\tex/latex/oberdiek\kvoptions.sty
Package: kvoptions 2016/05/16 v3.12 Key value format for package options (HO)
)
\@linkdim=\dimen163
\Hy@linkcounter=\count279
\Hy@pagecounter=\count280

(A:\Latex\tex/latex/hyperref\pd1enc.def
File: pd1enc.def 2018/11/30 v6.88e Hyperref: PDFDocEncoding definition (HO)
)
\Hy@SavedSpaceFactor=\count281
Package hyperref Info: Option `unicode' set `true' on input line 3475.
 (A:\Latex\tex/latex/hyperref\puenc.def
File: puenc.def 2018/11/30 v6.88e Hyperref: PDF Unicode definition (HO)
) (A:\Latex\tex/latex/00miktex\hyperref.cfg
File: hyperref.cfg 2002/06/06 v1.2 hyperref configuration of TeXLive
)
Package hyperref Info: Hyper figures OFF on input line 4519.
Package hyperref Info: Link nesting OFF on input line 4524.
Package hyperref Info: Hyper index ON on input line 4527.
Package hyperref Info: Plain pages OFF on input line 4534.
Package hyperref Info: Backreferencing OFF on input line 4539.
Package hyperref Info: Implicit mode ON; LaTeX internals redefined.
Package hyperref Info: Bookmarks ON on input line 4772.
\c@Hy@tempcnt=\count282

(C:\Users\tdtce\AppData\Roaming\MiKTeX\2.9\tex/latex/url\url.sty
\Urlmuskip=\muskip17
Package: url 2013/09/16  ver 3.4  Verb mode for urls, etc.
)
LaTeX Info: Redefining \url on input line 5125.
\XeTeXLinkMargin=\dimen164
\Fld@menulength=\count283
\Field@Width=\dimen165
\Fld@charsize=\dimen166
Package hyperref Info: Hyper figures OFF on input line 6380.
Package hyperref Info: Link nesting OFF on input line 6385.
Package hyperref Info: Hyper index ON on input line 6388.
Package hyperref Info: backreferencing OFF on input line 6395.
Package hyperref Info: Link coloring OFF on input line 6400.
Package hyperref Info: Link coloring with OCG OFF on input line 6405.
Package hyperref Info: PDF/A mode OFF on input line 6410.
LaTeX Info: Redefining \ref on input line 6450.
LaTeX Info: Redefining \pageref on input line 6454.
\Hy@abspage=\count284
\c@Item=\count285
\c@Hfootnote=\count286
)
Package hyperref Info: Driver (autodetected): hxetex.

(A:\Latex\tex/latex/hyperref\hxetex.def
File: hxetex.def 2018/11/30 v6.88e Hyperref driver for XeTeX

(A:\Latex\tex/generic/oberdiek\stringenc.sty
Package: stringenc 2016/05/16 v1.11 Convert strings between diff. encodings (HO
)
)
\pdfm@box=\box56
\c@Hy@AnnotLevel=\count287
\HyField@AnnotCount=\count288
\Fld@listcount=\count289
\c@bookmark@seq@number=\count290

(A:\Latex\tex/latex/oberdiek\rerunfilecheck.sty
Package: rerunfilecheck 2016/05/16 v1.8 Rerun checks for auxiliary files (HO)
Package uniquecounter Info: New unique counter `rerunfilecheck' on input line 2
82.
)
\Hy@SectionHShift=\skip59
)
Package hyperref Info: Option `colorlinks' set `true' on input line 55.

(A:\Latex\tex/latex/geometry\geometry.sty
Package: geometry 2018/04/16 v5.8 Page Geometry
\Gm@cnth=\count291
\Gm@cntv=\count292
\c@Gm@tempcnt=\count293
\Gm@bindingoffset=\dimen167
\Gm@wd@mp=\dimen168
\Gm@odd@mp=\dimen169
\Gm@even@mp=\dimen170
\Gm@layoutwidth=\dimen171
\Gm@layoutheight=\dimen172
\Gm@layouthoffset=\dimen173
\Gm@layoutvoffset=\dimen174
\Gm@dimlist=\toks32

(A:\Latex\tex/xelatex/xetexconfig\geometry.cfg))
(C:\Users\tdtce\AppData\Roaming\MiKTeX\2.9\tex/latex/enumitem\enumitem.sty
Package: enumitem 2018/11/30 v3.6 Customized lists
\labelindent=\skip60
\enit@outerparindent=\dimen175
\enit@toks=\toks33
\enit@inbox=\box57
\enitdp@description=\count294
)
(C:\Users\tdtce\AppData\Roaming\MiKTeX\2.9\tex/latex/tocloft\tocloft.sty
Package: tocloft 2017/08/31 v2.3i parameterised ToC, etc., typesetting
Package tocloft Info: The document has section divisions on input line 51.
\cftparskip=\skip61
\cftbeforetoctitleskip=\skip62
\cftaftertoctitleskip=\skip63
\cftbeforepartskip=\skip64
\cftpartnumwidth=\skip65
\cftpartindent=\skip66
\cftbeforesecskip=\skip67
\cftsecindent=\skip68
\cftsecnumwidth=\skip69
\cftbeforesubsecskip=\skip70
\cftsubsecindent=\skip71
\cftsubsecnumwidth=\skip72
\cftbeforesubsubsecskip=\skip73
\cftsubsubsecindent=\skip74
\cftsubsubsecnumwidth=\skip75
\cftbeforeparaskip=\skip76
\cftparaindent=\skip77
\cftparanumwidth=\skip78
\cftbeforesubparaskip=\skip79
\cftsubparaindent=\skip80
\cftsubparanumwidth=\skip81
\cftbeforeloftitleskip=\skip82
\cftafterloftitleskip=\skip83
\cftbeforefigskip=\skip84
\cftfigindent=\skip85
\cftfignumwidth=\skip86
\c@lofdepth=\count295
\c@lotdepth=\count296
\cftbeforelottitleskip=\skip87
\cftafterlottitleskip=\skip88
\cftbeforetabskip=\skip89
\cfttabindent=\skip90
\cfttabnumwidth=\skip91
)
(C:\Users\tdtce\AppData\Roaming\MiKTeX\2.9\tex/latex/fancyhdr\fancyhdr.sty
Package: fancyhdr 2017/06/30 v3.9a Extensive control of page headers and footer
s
\f@nch@headwidth=\skip92
\f@nch@O@elh=\skip93
\f@nch@O@erh=\skip94
\f@nch@O@olh=\skip95
\f@nch@O@orh=\skip96
\f@nch@O@elf=\skip97
\f@nch@O@erf=\skip98
\f@nch@O@olf=\skip99
\f@nch@O@orf=\skip100
)
(C:\Users\tdtce\AppData\Roaming\MiKTeX\2.9\tex/latex/caption\caption.sty
Package: caption 2018/10/06 v3.3-154 Customizing captions (AR)

(C:\Users\tdtce\AppData\Roaming\MiKTeX\2.9\tex/latex/caption\caption3.sty
Package: caption3 2018/09/12 v1.8c caption3 kernel (AR)
Package caption3 Info: TeX engine: e-TeX on input line 64.
\captionmargin=\dimen176
\captionmargin@=\dimen177
\captionwidth=\dimen178
\caption@tempdima=\dimen179
\caption@indent=\dimen180
\caption@parindent=\dimen181
\caption@hangindent=\dimen182
)
\c@caption@flags=\count297
\c@ContinuedFloat=\count298
Package caption Info: float package is loaded.
Package caption Info: hyperref package is loaded.
Package caption Info: listings package is loaded.
)
(C:\Users\tdtce\AppData\Roaming\MiKTeX\2.9\tex/latex/textcase\textcase.sty
Package: textcase 2004/10/07 v0.07 Text only upper/lower case changing (DPC)
)
(C:\Users\tdtce\AppData\Roaming\MiKTeX\2.9\tex/latex/titlesec\titlesec.sty
Package: titlesec 2016/03/21 v2.10.2 Sectioning titles
\ttl@box=\box58
\beforetitleunit=\skip101
\aftertitleunit=\skip102
\ttl@plus=\dimen183
\ttl@minus=\dimen184
\ttl@toksa=\toks34
\titlewidth=\dimen185
\titlewidthlast=\dimen186
\titlewidthfirst=\dimen187
)
(C:\Users\tdtce\AppData\Roaming\MiKTeX\2.9\tex/latex/titlesec\block.tss
File: block.tss 2016/03/15
))
(main.aux)
\openout1 = `main.aux'.

LaTeX Font Info:    Checking defaults for OML/cmm/m/it on input line 10.
LaTeX Font Info:    ... okay on input line 10.
LaTeX Font Info:    Checking defaults for T1/cmr/m/n on input line 10.
LaTeX Font Info:    ... okay on input line 10.
LaTeX Font Info:    Checking defaults for OT1/cmr/m/n on input line 10.
LaTeX Font Info:    ... okay on input line 10.
LaTeX Font Info:    Checking defaults for OMS/cmsy/m/n on input line 10.
LaTeX Font Info:    ... okay on input line 10.
LaTeX Font Info:    Checking defaults for TU/lmr/m/n on input line 10.
LaTeX Font Info:    ... okay on input line 10.
LaTeX Font Info:    Checking defaults for OMX/cmex/m/n on input line 10.
LaTeX Font Info:    ... okay on input line 10.
LaTeX Font Info:    Checking defaults for U/cmr/m/n on input line 10.
LaTeX Font Info:    ... okay on input line 10.
LaTeX Font Info:    Checking defaults for T3/cmr/m/n on input line 10.
LaTeX Font Info:    Try loading font information for T3+cmr on input line 10.
 (C:\Users\tdtce\AppData\Roaming\MiKTeX\2.9\tex/latex/tipa\t3cmr.fd
File: t3cmr.fd 2001/12/31 TIPA font definitions
)
LaTeX Font Info:    ... okay on input line 10.
LaTeX Font Info:    Checking defaults for PD1/pdf/m/n on input line 10.
LaTeX Font Info:    ... okay on input line 10.
LaTeX Font Info:    Checking defaults for PU/pdf/m/n on input line 10.
LaTeX Font Info:    ... okay on input line 10.

Package fontspec Info: Adjusting the maths setup (use [no-math] to avoid
(fontspec)             this).

\symlegacymaths=\mathgroup6
LaTeX Font Info:    Overwriting symbol font `legacymaths' in version `bold'
(Font)                  OT1/cmr/m/n --> OT1/cmr/bx/n on input line 10.
LaTeX Font Info:    Redeclaring math accent \acute on input line 10.
LaTeX Font Info:    Redeclaring math accent \grave on input line 10.
LaTeX Font Info:    Redeclaring math accent \ddot on input line 10.
LaTeX Font Info:    Redeclaring math accent \tilde on input line 10.
LaTeX Font Info:    Redeclaring math accent \bar on input line 10.
LaTeX Font Info:    Redeclaring math accent \breve on input line 10.
LaTeX Font Info:    Redeclaring math accent \check on input line 10.
LaTeX Font Info:    Redeclaring math accent \hat on input line 10.
LaTeX Font Info:    Redeclaring math accent \dot on input line 10.
LaTeX Font Info:    Redeclaring math accent \mathring on input line 10.
LaTeX Font Info:    Redeclaring math symbol \Gamma on input line 10.
LaTeX Font Info:    Redeclaring math symbol \Delta on input line 10.
LaTeX Font Info:    Redeclaring math symbol \Theta on input line 10.
LaTeX Font Info:    Redeclaring math symbol \Lambda on input line 10.
LaTeX Font Info:    Redeclaring math symbol \Xi on input line 10.
LaTeX Font Info:    Redeclaring math symbol \Pi on input line 10.
LaTeX Font Info:    Redeclaring math symbol \Sigma on input line 10.
LaTeX Font Info:    Redeclaring math symbol \Upsilon on input line 10.
LaTeX Font Info:    Redeclaring math symbol \Phi on input line 10.
LaTeX Font Info:    Redeclaring math symbol \Psi on input line 10.
LaTeX Font Info:    Redeclaring math symbol \Omega on input line 10.
LaTeX Font Info:    Redeclaring math symbol \mathdollar on input line 10.
LaTeX Font Info:    Redeclaring symbol font `operators' on input line 10.
LaTeX Font Info:    Encoding `OT1' has changed to `TU' for symbol font
(Font)              `operators' in the math version `normal' on input line 10.
LaTeX Font Info:    Overwriting symbol font `operators' in version `normal'
(Font)                  OT1/cmr/m/n --> TU/TimesNewRoman(0)/m/n on input line 1
0.
LaTeX Font Info:    Encoding `OT1' has changed to `TU' for symbol font
(Font)              `operators' in the math version `bold' on input line 10.
LaTeX Font Info:    Overwriting symbol font `operators' in version `bold'
(Font)                  OT1/cmr/bx/n --> TU/TimesNewRoman(0)/m/n on input line 
10.
LaTeX Font Info:    Overwriting symbol font `operators' in version `normal'
(Font)                  TU/TimesNewRoman(0)/m/n --> TU/TimesNewRoman(0)/m/n on 
input line 10.
LaTeX Font Info:    Overwriting math alphabet `\mathit' in version `normal'
(Font)                  OT1/cmr/m/it --> TU/TimesNewRoman(0)/m/it on input line
 10.
LaTeX Font Info:    Overwriting math alphabet `\mathbf' in version `normal'
(Font)                  OT1/cmr/bx/n --> TU/TimesNewRoman(0)/bx/n on input line
 10.
LaTeX Font Info:    Overwriting math alphabet `\mathsf' in version `normal'
(Font)                  OT1/cmss/m/n --> TU/lmss/m/n on input line 10.
LaTeX Font Info:    Overwriting math alphabet `\mathtt' in version `normal'
(Font)                  OT1/cmtt/m/n --> TU/lmtt/m/n on input line 10.
LaTeX Font Info:    Overwriting symbol font `operators' in version `bold'
(Font)                  TU/TimesNewRoman(0)/m/n --> TU/TimesNewRoman(0)/bx/n on
 input line 10.
LaTeX Font Info:    Overwriting math alphabet `\mathit' in version `bold'
(Font)                  OT1/cmr/bx/it --> TU/TimesNewRoman(0)/bx/it on input li
ne 10.
LaTeX Font Info:    Overwriting math alphabet `\mathsf' in version `bold'
(Font)                  OT1/cmss/bx/n --> TU/lmss/bx/n on input line 10.
LaTeX Font Info:    Overwriting math alphabet `\mathtt' in version `bold'
(Font)                  OT1/cmtt/m/n --> TU/lmtt/bx/n on input line 10.
\AtBeginShipoutBox=\box59

(A:\Latex\tex/latex/oberdiek\pdflscape.sty
Package: pdflscape 2016/05/14 v0.11 Display of landscape pages in PDF (HO)

(A:\Latex\tex/latex/graphics\lscape.sty
Package: lscape 2000/10/22 v3.01 Landscape Pages (DPC)
)
Package pdflscape Info: Auto-detected driver: dvipdfm (xetex) on input line 99.

)
\c@lstlisting=\count299
Package hyperref Info: Link coloring ON on input line 10.

(A:\Latex\tex/latex/hyperref\nameref.sty
Package: nameref 2016/05/21 v2.44 Cross-referencing by name of section

(A:\Latex\tex/generic/oberdiek\gettitlestring.sty
Package: gettitlestring 2016/05/16 v1.5 Cleanup title references (HO)
)
\c@section@level=\count300
)
LaTeX Info: Redefining \ref on input line 10.
LaTeX Info: Redefining \pageref on input line 10.
LaTeX Info: Redefining \nameref on input line 10.
 (main.out) (main.out)
\@outlinefile=\write3
\openout3 = `main.out'.


*geometry* detected driver: pdftex
*geometry* verbose mode - [ preamble ] result:
* driver: pdftex
* paper: a4paper
* layout: <same size as paper>
* layoutoffset:(h,v)=(0.0pt,0.0pt)
* modes: 
* h-part:(L,W,R)=(85.35826pt, 483.69687pt, 28.45274pt)
* v-part:(T,H,B)=(56.9055pt, 731.23584pt, 56.9055pt)
* \paperwidth=597.50787pt
* \paperheight=845.04684pt
* \textwidth=483.69687pt
* \textheight=731.23584pt
* \oddsidemargin=13.08827pt
* \evensidemargin=13.08827pt
* \topmargin=-54.36449pt
* \headheight=14.0pt
* \headsep=25.0pt
* \topskip=14.0pt
* \footskip=30.0pt
* \marginparwidth=15.0pt
* \marginparsep=10.0pt
* \columnsep=10.0pt
* \skip\footins=12.0pt plus 4.0pt minus 2.0pt
* \hoffset=0.0pt
* \voffset=0.0pt
* \mag=1000
* \@twocolumnfalse
* \@twosidefalse
* \@mparswitchfalse
* \@reversemarginfalse
* (1in=72.27pt=25.4mm, 1cm=28.453pt)

Package caption Info: Begin \AtBeginDocument code.
Package caption Info: End \AtBeginDocument code.
(main.toc
LaTeX Font Info:    Try loading font information for U+msa on input line 3.
 (A:\Latex\tex/latex/amsfonts\umsa.fd
File: umsa.fd 2013/01/14 v3.01 AMS symbols A
)
LaTeX Font Info:    Try loading font information for U+msb on input line 3.

(A:\Latex\tex/latex/amsfonts\umsb.fd
File: umsb.fd 2013/01/14 v3.01 AMS symbols B
))
\tf@toc=\write4
\openout4 = `main.toc'.

 [4

] (inc/0-intro_Anton.tex
Underfull \hbox (badness 3884) in paragraph at lines 3--7
\TU/TimesNewRoman(0)/m/n/14.4 была создана П.Л. Чебышевым. Способ передвижения 
с помощью ног,
 []


Underfull \hbox (badness 2818) in paragraph at lines 3--7
\TU/TimesNewRoman(0)/m/n/14.4 с колесными роботами явлются большая проходимость
 на пересеченной
 []


Underfull \hbox (badness 1087) in paragraph at lines 3--7
\TU/TimesNewRoman(0)/m/n/14.4 местности вплоть до возможности передвигаться пры
жками и лазание по
 []


Underfull \hbox (badness 1577) in paragraph at lines 8--12
\TU/TimesNewRoman(0)/m/n/14.4 в том числе при устранении последствий аварий тех
ногенного характера
 []


Underfull \hbox (badness 1377) in paragraph at lines 8--12
\TU/TimesNewRoman(0)/m/n/14.4 и стихийных бедствий. В данных ситуациях необходи
мо исключить риск
 []


Underfull \hbox (badness 4492) in paragraph at lines 8--12
\TU/TimesNewRoman(0)/m/n/14.4 причинения вреда спасателям, а проходимости колес
ных роботов будет
 []


Underfull \hbox (badness 2134) in paragraph at lines 8--12
\TU/TimesNewRoman(0)/m/n/14.4 недостаточно. Главными проблемами алгоритмов упра
вления шагающими
 []


Underfull \hbox (badness 1701) in paragraph at lines 12--13
[]\TU/TimesNewRoman(0)/m/n/14.4 сложность разработки алгоритма из-за большего ч
исла решаемых
 []


Underfull \hbox (badness 10000) in paragraph at lines 13--14
[]\TU/TimesNewRoman(0)/m/n/14.4 неустойчивость разработанного алгоритма к новым
 внешним
 []


Underfull \hbox (badness 1210) in paragraph at lines 16--19
[]\TU/TimesNewRoman(0)/m/n/14.4 В данной работе будут рассмотрены основные подх
оды к созданию
 []


Underfull \hbox (badness 2726) in paragraph at lines 16--19
\TU/TimesNewRoman(0)/m/n/14.4 проблемы. Для выбранного подхода будет проведен а
нализ и сравнение
 []

[5

]) (inc/1-approach_analysis_Anton.tex
Underfull \hbox (badness 2343) in paragraph at lines 12--15
[]\TU/TimesNewRoman(0)/m/n/14.4 Далее упомянутые подходы будут рассмотрены подр
обнее с целью
 []


Underfull \hbox (badness 4981) in paragraph at lines 21--25
\TU/TimesNewRoman(0)/m/n/14.4 Критерий сложности имплементирования определяет с
тепень сложности
 []


Underfull \hbox (badness 10000) in paragraph at lines 29--33
[]\TU/TimesNewRoman(0)/m/n/14.4 Эволюционные алгоритмы (ЭА) – это алгоритмы, со
зданные в
 []


Underfull \hbox (badness 10000) in paragraph at lines 29--33
\TU/TimesNewRoman(0)/m/n/14.4 качестве методов решения оптимизационных задач и 
основанные на
 []


Underfull \hbox (badness 10000) in paragraph at lines 29--33
\TU/TimesNewRoman(0)/m/n/14.4 принципах естественного отбора. ЭА моделируют баз
овые положения
 []


Underfull \hbox (badness 10000) in paragraph at lines 29--33
\TU/TimesNewRoman(0)/m/n/14.4 в теории биологической эволюции – процессы отбора
 (селекции),
 []


Underfull \hbox (badness 1668) in paragraph at lines 29--33
\TU/TimesNewRoman(0)/m/n/14.4 мутации и воспроизводства. Множество агентов, наз
ываемое популяцией,
 []


Underfull \hbox (badness 7504) in paragraph at lines 29--33
\TU/TimesNewRoman(0)/m/n/14.4 Таким образом, каждому агенту (индивидууму) попул
яции назначается
 []


Underfull \hbox (badness 1406) in paragraph at lines 29--33
\TU/TimesNewRoman(0)/m/n/14.4 значение его приспособленности (значение фитнесс-
функции, являющейся
 []

[6

]
Underfull \hbox (badness 5417) in paragraph at lines 34--39
[]\TU/TimesNewRoman(0)/m/n/14.4 В робототехнике применение ЭА позволяет выполня
ть различные
 []


Underfull \hbox (badness 10000) in paragraph at lines 34--39
\TU/TimesNewRoman(0)/m/n/14.4 практические задачи, в частности задачи обследова
ния местности и
 []


Underfull \hbox (badness 1552) in paragraph at lines 42--43
[]\TU/TimesNewRoman(0)/m/n/14.4 возможность использования в задачах, сложно или
 полностью не
 []


Underfull \hbox (badness 10000) in paragraph at lines 44--45
[]\TU/TimesNewRoman(0)/m/n/14.4 существование большого количества как естествен
ных, так и
 []


Underfull \hbox (badness 1655) in paragraph at lines 49--50
\TU/TimesNewRoman(0)/m/n/14.4 проблем (задачи высокой размерности) требует боль
ших вычислительных
 []


Underfull \hbox (badness 1168) in paragraph at lines 57--61
[]\TU/TimesNewRoman(0)/m/n/14.4 Нечёткая логика – это раздел математики, являющ
ийся обобщением
 []


Underfull \hbox (badness 7291) in paragraph at lines 57--61
\TU/TimesNewRoman(0)/m/n/14.4 множество. В 1965 году Лотфи Заде расширил класси
ческое понятие
 []


Underfull \hbox (badness 1571) in paragraph at lines 57--61
\TU/TimesNewRoman(0)/m/n/14.4 множества, допустив, что функция принадлежности п
ринимает не только
 []


Underfull \hbox (badness 3536) in paragraph at lines 57--61
\TU/TimesNewRoman(0)/m/n/14.4 компьютера может давать определенный ответ – прав
да или ложь, что
 []

[7]
Underfull \hbox (badness 1331) in paragraph at lines 70--74
\TU/TimesNewRoman(0)/m/n/14.4 нечеткого множества. Входом может быть сигнал изм
еренный сенсорами,
 []

File: images/userguide/fuzzy.jpg Graphic file (type bmp)
<images/userguide/fuzzy.jpg>
[8]
Underfull \hbox (badness 1024) in paragraph at lines 92--94
[]\TU/TimesNewRoman(0)/m/n/14.4 База знаний – база, созданная экспертами в той 
области, в которой
 []

File: images/userguide/fuzzysch.jpg Graphic file (type bmp)
<images/userguide/fuzzysch.jpg>

Underfull \hbox (badness 1675) in paragraph at lines 102--103
[]\TU/TimesNewRoman(0)/m/n/14.4 Нечеткую логику используют в робототехнике для 
создания систем
 []


Underfull \hbox (badness 1852) in paragraph at lines 102--103
\TU/TimesNewRoman(0)/m/n/14.4 управления, систем стабилизации, экспертных систе
м и в случаях, когда
 []


Underfull \hbox (badness 1681) in paragraph at lines 102--103
\TU/TimesNewRoman(0)/m/n/14.4 необходимо сделать систему, реагирующую как челов
ек, или для работы
 []

[9]
Underfull \hbox (badness 5245) in paragraph at lines 113--114
[]\TU/TimesNewRoman(0)/m/n/14.4 нет систематического подхода для построения арх
итектуры под
 []


Underfull \hbox (badness 6047) in paragraph at lines 120--121
\TU/TimesNewRoman(0)/m/n/14.4 отношений между этими элементами, а также определ
ение принципов
 []


Underfull \hbox (badness 6204) in paragraph at lines 122--124
\TU/TimesNewRoman(0)/m/n/14.4 перечня всевозможных ситуаций, в которых может ок
азаться робот, и
 []

[10]
Underfull \hbox (badness 1655) in paragraph at lines 140--148
\TU/TimesNewRoman(0)/m/n/14.4 в новое состояние и агент получает от среды некот
орое вознаграждение
 []


Underfull \hbox (badness 10000) in paragraph at lines 140--148
\TU/TimesNewRoman(0)/m/n/14.4 или наказание в соответствии с функцией подкрепле
ния. Функция
 []


Underfull \hbox (badness 10000) in paragraph at lines 140--148
\TU/TimesNewRoman(0)/m/n/14.4 подкрепления определяет цель в процессе обучения 
с подкреплением
 []


Underfull \hbox (badness 2547) in paragraph at lines 140--148
\TU/TimesNewRoman(0)/m/n/14.4 и является по сути соответствием между состояниям
и среды и числом,
 []


Underfull \hbox (badness 10000) in paragraph at lines 140--148
\TU/TimesNewRoman(0)/m/n/14.4 подкреплением, показывающим желательность, ценнос
ть состояния. В
 []


Underfull \hbox (badness 3000) in paragraph at lines 140--148
\TU/TimesNewRoman(0)/m/n/14.4 до определённой точки пространства; высота верхне
й точки шагающего
 []


Underfull \hbox (badness 10000) in paragraph at lines 140--148
\TU/TimesNewRoman(0)/m/n/14.4 батареи бортового аккумулятора. В данном классе м
етодов большое
 []


Underfull \hbox (badness 1077) in paragraph at lines 140--148
\TU/TimesNewRoman(0)/m/n/14.4 которые непосредственно привели к положительному 
или отрицательному
 []


Underfull \hbox (badness 1694) in paragraph at lines 140--148
\TU/TimesNewRoman(0)/m/n/14.4 В то время как функция подкрепления определяет пр
ямую, характерную
 []

[11]
Underfull \hbox (badness 1509) in paragraph at lines 149--151
[]\TU/TimesNewRoman(0)/m/n/14.4 В робототехнике обучение с подкреплением активн
о применяется в
 []


Underfull \hbox (badness 5331) in paragraph at lines 149--151
\TU/TimesNewRoman(0)/m/n/14.4 задаче передвижения мобильного робота по лабиринт
у [[]] и в задаче
 []


Underfull \hbox (badness 10000) in paragraph at lines 155--156
[]\TU/TimesNewRoman(0)/m/n/14.4 для обучения нейросети требуется меньше вычисли
тельных
 []


Underfull \hbox (badness 6047) in paragraph at lines 168--171
\TU/TimesNewRoman(0)/m/n/14.4 и требовательность к вычислительным ресурсам. Рез
ультаты сравнения
 []


Overfull \hbox (2.09148pt too wide) in paragraph at lines 175--175
[]|\TU/TimesNewRoman(0)/m/n/14.4 Нечеткая
 []


Overfull \hbox (3.10887pt too wide) in paragraph at lines 175--175
[]|\TU/TimesNewRoman(0)/m/n/14.4 Формальный
 []


Overfull \hbox (4.20358pt too wide) in paragraph at lines 175--175
[]|\TU/TimesNewRoman(0)/m/n/14.4 Эволюционные
 []


Underfull \hbox (badness 10000) in paragraph at lines 175--176
[]|\TU/TimesNewRoman(0)/m/n/14.4 Обучение с
 []


Overfull \hbox (3.55672pt too wide) in paragraph at lines 175--176
\TU/TimesNewRoman(0)/m/n/14.4 подкреплением| 
 []


Underfull \hbox (badness 10000) in paragraph at lines 176--176
[]|\TU/TimesNewRoman(0)/m/n/14.4 Сложность
 []


Underfull \hbox (badness 10000) in paragraph at lines 177--177
[]|\TU/TimesNewRoman(0)/m/n/14.4 Обобщающая
 []


Overfull \hbox (1.82707pt too wide) in paragraph at lines 179--179
[]|\TU/TimesNewRoman(0)/m/n/14.4 Требовательность
 []


Underfull \hbox (badness 10000) in paragraph at lines 179--179
\TU/TimesNewRoman(0)/m/n/14.4 к
 []


Underfull \hbox (badness 10000) in paragraph at lines 179--179
\TU/TimesNewRoman(0)/m/n/14.4 вычислительным
 []

[12]
Underfull \hbox (badness 1648) in paragraph at lines 184--187
\TU/TimesNewRoman(0)/m/n/14.4 и обучении с подкреплением происходит абстрагиров
ание от физических
 []


Underfull \hbox (badness 2012) in paragraph at lines 184--187
\TU/TimesNewRoman(0)/m/n/14.4 методах не используется описание конкретной задач
и, а только функция
 []


Underfull \hbox (badness 1629) in paragraph at lines 184--187
\TU/TimesNewRoman(0)/m/n/14.4 содержащая общие аспекты работы алгоритма, то и с
ам алгоритм имеет
 []


Underfull \hbox (badness 5008) in paragraph at lines 188--190
\TU/TimesNewRoman(0)/m/n/14.4 Описание целевой функции в эволюционных методах и
 в обучении с
 []


Underfull \hbox (badness 10000) in paragraph at lines 191--192
[]\TU/TimesNewRoman(0)/m/n/14.4 В связи с вышесказанным, лучшим из рассмотренны
х методов
 []


Underfull \hbox (badness 10000) in paragraph at lines 191--192
\TU/TimesNewRoman(0)/m/n/14.4 по выбранным критериям является метод, использующ
ий обучение с
 []

[13]) (inc/2-RL_methods.tex
Underfull \hbox (badness 10000) in paragraph at lines 2--5
[]\TU/TimesNewRoman(0)/m/n/14.4 Для решения задачи синтеза алгоритма управления
 был выбран
 []


Underfull \hbox (badness 2913) in paragraph at lines 9--11
\TU/TimesNewRoman(0)/m/n/14.4 в системах, где управляющий сигнал представлен ди
апазоном значений,
 []


Underfull \hbox (badness 1490) in paragraph at lines 9--11
\TU/TimesNewRoman(0)/m/n/14.4 например, управление напряжением двигателя. Втора
я группа алгоритмов
 []


Underfull \hbox (badness 1147) in paragraph at lines 9--11
\TU/TimesNewRoman(0)/m/n/14.4 используется в системах, где управляющий сигнал п
редставлен конечным
 []


Underfull \hbox (badness 3138) in paragraph at lines 27--29
[]\TU/TimesNewRoman(0)/m/n/14.4 Вышеупомянутые алгоритмы сравнены между собой п
о критериям
 []


Underfull \hbox (badness 6412) in paragraph at lines 37--40
\TU/TimesNewRoman(0)/m/n/14.4 глобальной оптимизационной задачи. Данный метод п
озволяет обучить
 []


Underfull \hbox (badness 4792) in paragraph at lines 37--40
\TU/TimesNewRoman(0)/m/n/14.4 сеть является управляющим звеном, на нее поступаю
т выходы агента,
 []

[14

]
Underfull \hbox (badness 2495) in paragraph at lines 41--46
\TU/TimesNewRoman(0)/m/n/14.4 над действиями. Данный подход очень похож с задач
ей классификации:
 []


Underfull \hbox (badness 3601) in paragraph at lines 41--46
\TU/TimesNewRoman(0)/m/n/14.4 над действиями (стратегию) и генерирует случайную
 выборку из этого
 []


Underfull \hbox (badness 2334) in paragraph at lines 47--49
[]\TU/TimesNewRoman(0)/m/n/14.4 В процессе обучения мы минимизируем разницу меж
ду начальной
 []


Underfull \hbox (badness 4013) in paragraph at lines 54--55
[]\TU/TimesNewRoman(0)/m/n/14.4 Где p(x), q(x) – функции плотности распределени
я, сравниваемых
 []


Underfull \hbox (badness 8189) in paragraph at lines 71--74
[]\TU/TimesNewRoman(0)/m/n/14.4 Q-learning (в русскоязычной литературе иногда у
потребляется Q-
 []


Underfull \hbox (badness 2221) in paragraph at lines 71--74
\TU/TimesNewRoman(0)/m/n/14.4 опыт предыдущего взаимодействия со средой. Одно и
з преимуществ Q-
 []

[15]
Underfull \hbox (badness 8094) in paragraph at lines 75--87
\TU/TimesNewRoman(0)/m/n/14.4 виде для всех возможных пар «состояние среды - де
йствие», чтобы
 []


Underfull \hbox (badness 3168) in paragraph at lines 75--87
\TU/TimesNewRoman(0)/m/n/14.4 Однако даже в самых простых задачах робототехники
 число состояний
 []


Underfull \hbox (badness 7133) in paragraph at lines 75--87
\TU/TimesNewRoman(0)/m/n/14.4 среды очень велико, а если его умножить на количе
ство возможных
 []


Underfull \hbox (badness 1939) in paragraph at lines 75--87
\TU/TimesNewRoman(0)/m/n/14.4 на состояниях, происходящих друг за другом, – пло
хой подход, так как
 []


Underfull \hbox (badness 2035) in paragraph at lines 75--87
\TU/TimesNewRoman(0)/m/n/14.4 предполагается, что тренировочные данные независи
мы, а распределение
 []


Underfull \hbox (badness 4886) in paragraph at lines 75--87
\TU/TimesNewRoman(0)/m/n/14.4 накапливает некоторый опыт, сохраняя свои действи
я и их результаты
 []


Underfull \hbox (badness 6995) in paragraph at lines 75--87
\TU/TimesNewRoman(0)/m/n/14.4 на протяжении какого-то времени, а потом выбирает
 из этого опыта
 []


Underfull \hbox (badness 3168) in paragraph at lines 75--87
\TU/TimesNewRoman(0)/m/n/14.4 в случайном порядке. Во-вторых, важную роль для у
спеха сыграло то,
 []


Underfull \hbox (badness 1810) in paragraph at lines 75--87
\TU/TimesNewRoman(0)/m/n/14.4 подается на вход, а просто у сети столько выходов
, сколько возможных
 []


Underfull \hbox (badness 2961) in paragraph at lines 75--87
\TU/TimesNewRoman(0)/m/n/14.4 ответы сразу для всех действий за один проход по 
сети, что ускоряет
 []

[16]
Underfull \hbox (badness 10000) in paragraph at lines 90--91
[]\TU/TimesNewRoman(0)/m/n/14.4 простой относительно других алгоритмов глубоког
о обучения
 []


Underfull \hbox (badness 6078) in paragraph at lines 90--91
\TU/TimesNewRoman(0)/m/n/14.4 с подкреплением, в следствие чего обучается быстр
ее более сложных
 []


Underfull \hbox (badness 2269) in paragraph at lines 102--107
\TU/TimesNewRoman(0)/m/n/14.4 складываются в прежнюю функцию Q. Таким образом, 
одна часть сети
 []


Underfull \hbox (badness 1960) in paragraph at lines 102--107
\TU/TimesNewRoman(0)/m/n/14.4 полезны будут разные наши действия в этой позиции
. Такое небольшое
 []

[17]
File: images/userguide/dueldqn.png Graphic file (type bmp)
<images/userguide/dueldqn.png>

Underfull \hbox (badness 10000) in paragraph at lines 112--116
\TU/TimesNewRoman(0)/m/n/14.4 также выбирает действие у которого будет максимал
ьное значение
 []


Underfull \hbox (badness 4765) in paragraph at lines 112--116
\TU/TimesNewRoman(0)/m/n/14.4 Q. Главным отличием является то, что SARSA вычисл
яет значение Q
 []


Underfull \hbox (badness 8056) in paragraph at lines 112--116
\TU/TimesNewRoman(0)/m/n/14.4 дорогостоящем роботе, так как каждое выбранное де
йствие не будет
 []


Underfull \hbox (badness 10000) in paragraph at lines 130--131
\TU/TimesNewRoman(0)/m/n/14.4 value-based, то есть основанных на значениях функ
ции Q) стратегия
 []


Underfull \hbox (badness 3977) in paragraph at lines 130--131
\TU/TimesNewRoman(0)/m/n/14.4 представляет собой не что иное, как выбор действи
я с максимальным
 []


Underfull \hbox (badness 1331) in paragraph at lines 130--131
\TU/TimesNewRoman(0)/m/n/14.4 вычисления оценки награды для каждого возможного 
действия в каждом
 []


Underfull \hbox (badness 3128) in paragraph at lines 130--131
\TU/TimesNewRoman(0)/m/n/14.4 возможном состоянии. Особенно остро эта проблема 
встаёт, когда дело
 []


Underfull \hbox (badness 2846) in paragraph at lines 130--131
\TU/TimesNewRoman(0)/m/n/14.4 DQN создавался для решения проблемы с достаточно 
высокоразмерным
 []


Underfull \hbox (badness 10000) in paragraph at lines 130--131
\TU/TimesNewRoman(0)/m/n/14.4 очень малоразмерным дискретным пространством дейс
твий (до двух
 []


Underfull \hbox (badness 5359) in paragraph at lines 130--131
\TU/TimesNewRoman(0)/m/n/14.4 десятков комбинаций кнопок). Но задачи физическог
о контроля имеют
 []


Underfull \hbox (badness 1776) in paragraph at lines 130--131
\TU/TimesNewRoman(0)/m/n/14.4 непрерывные и высокоразмерные пространства действ
ий. DQN не может
 []


Underfull \hbox (badness 1024) in paragraph at lines 130--131
\TU/TimesNewRoman(0)/m/n/14.4 быть непосредственно применён к непрерывным прост
ранствам даже при
 []

[18]
Underfull \hbox (badness 1642) in paragraph at lines 132--133
\TU/TimesNewRoman(0)/m/n/14.4 центральную роль занимает стратегия, согласно кот
орой агент совершает
 []


Underfull \hbox (badness 3049) in paragraph at lines 132--133
\TU/TimesNewRoman(0)/m/n/14.4 действие в зависимости от текущего состояния и от
 параметров самой
 []


Underfull \hbox (badness 2486) in paragraph at lines 132--133
\TU/TimesNewRoman(0)/m/n/14.4 заключается в максимизации целевой функции. Возна
граждение, которое
 []


Underfull \hbox (badness 4699) in paragraph at lines 132--133
\TU/TimesNewRoman(0)/m/n/14.4 напрямую влияет на значение целевой функции, зави
сит от стратегии,
 []


Underfull \hbox (badness 3386) in paragraph at lines 134--135
\TU/TimesNewRoman(0)/m/n/14.4 ресурсы, можно посчитать градиент только за огран
иченное количество
 []

[19]
Underfull \hbox (badness 1616) in paragraph at lines 136--137
[]\TU/TimesNewRoman(0)/m/n/14.4 Стратегия бывает двух видов: детерминированная 
и стохастическая.
 []


Underfull \hbox (badness 4608) in paragraph at lines 136--137
\TU/TimesNewRoman(0)/m/n/14.4 Детерминированная состоянию ставит в соответствие
 действие, которое
 []


Underfull \hbox (badness 2970) in paragraph at lines 136--137
\TU/TimesNewRoman(0)/m/n/14.4 необходимо в этом состоянии выполнить. Детерминир
ованные стратегии
 []


Underfull \hbox (badness 1888) in paragraph at lines 136--137
\TU/TimesNewRoman(0)/m/n/14.4 используются в детерминированных средах или в сре
дах, где случайные
 []

File: images/userguide/ddpg.png Graphic file (type bmp)
<images/userguide/ddpg.png>

Underfull \hbox (badness 1142) in paragraph at lines 138--139
[]\TU/TimesNewRoman(0)/m/n/14.4 На основе идей, принёсших успех DQN, был создан
 алгоритм deep
 []


Underfull \hbox (badness 2302) in paragraph at lines 138--139
\TU/TimesNewRoman(0)/m/n/14.4 deterministic policy gradient (DDPG) [[]], примен
имый для непрерывного
 []

[20]
Underfull \hbox (badness 8113) in paragraph at lines 141--142
\TU/TimesNewRoman(0)/m/n/14.4 параметры стратегии, чтобы поданному на вход сост
оянию ставилось
 []


Underfull \hbox (badness 2626) in paragraph at lines 141--142
\TU/TimesNewRoman(0)/m/n/14.4 в соответствие лучшее действие, и сеть-critic, об
учающаяся оцениванию
 []


Underfull \hbox (badness 2644) in paragraph at lines 145--146
\TU/TimesNewRoman(0)/m/n/14.4 действий. В алгоритмах, основанных на оптимизации
 стратегии, ищется
 []


Underfull \hbox (badness 7238) in paragraph at lines 146--147
[]\TU/TimesNewRoman(0)/m/n/14.4 Возможность рассмотрения проблемы исследования 
(problem of
 []


Underfull \hbox (badness 10000) in paragraph at lines 147--148
[]\TU/TimesNewRoman(0)/m/n/14.4 Возможность работать с высокоразмерными непреры
вными
 []


Underfull \hbox (badness 10000) in paragraph at lines 152--153
[]\TU/TimesNewRoman(0)/m/n/14.4 Вычисление градиента по стратегии приводит к во
зможной
 []


Underfull \hbox (badness 1924) in paragraph at lines 152--153
\TU/TimesNewRoman(0)/m/n/14.4 сходимости в локальном максимуме вместо глобально
го. Такая проблема
 []

[21]
Underfull \hbox (badness 1577) in paragraph at lines 157--163
[]\TU/TimesNewRoman(0)/m/n/14.4 Метод региона доверия (TRPO) – градиентный мето
д оптимизации,
 []


Underfull \hbox (badness 7486) in paragraph at lines 164--167
[]\TU/TimesNewRoman(0)/m/n/14.4 Для гарантии не ухудшения стратегии используетс
я итеративный
 []


Underfull \hbox (badness 1642) in paragraph at lines 164--167
\TU/TimesNewRoman(0)/m/n/14.4 с определенным радиусом, в котором ищется оптимал
ьная точка. Радиус
 []


Underfull \hbox (badness 1728) in paragraph at lines 182--188
\TU/TimesNewRoman(0)/m/n/14.4 не сильно изменяя стратегию. Данный метод схож с 
методом TRPO, но
 []


Underfull \hbox (badness 2717) in paragraph at lines 182--188
\TU/TimesNewRoman(0)/m/n/14.4 есть и отличия. Во-первых, для вычисления второй 
производной, метод
 []


Underfull \hbox (badness 1596) in paragraph at lines 182--188
\TU/TimesNewRoman(0)/m/n/14.4 Кульбака-Лейблера между текущей стратегией и ново
й [[]]. Достоинства
 []

[22]
Underfull \hbox (badness 10000) in paragraph at lines 199--211
\TU/TimesNewRoman(0)/m/n/14.4 эксперименты, отдельно для дискретного управления
 и отдельно для
 []


Underfull \hbox (badness 10000) in paragraph at lines 199--211
\TU/TimesNewRoman(0)/m/n/14.4 аналогового. Для дискретного управления решается 
задача равновесия
 []


Underfull \hbox (badness 2680) in paragraph at lines 199--211
\TU/TimesNewRoman(0)/m/n/14.4 двойного обратного маятника. Выбранные задачи обу
словлены наличием
 []


Underfull \hbox (badness 1038) in paragraph at lines 199--211
\TU/TimesNewRoman(0)/m/n/14.4 – определяется по эпизоду, на котором алгоритм до
стигает максимальной
 []


Underfull \hbox (badness 10000) in paragraph at lines 199--211
\TU/TimesNewRoman(0)/m/n/14.4 результат определяет качество работы алгоритма. Ч
ем выше значение
 []


Underfull \hbox (badness 1742) in paragraph at lines 199--211
\TU/TimesNewRoman(0)/m/n/14.4 слева и справа показаны полученные зависимости на
грады от шага, для
 []

File: images/userguide/experiment1.png Graphic file (type bmp)
<images/userguide/experiment1.png>
[23]
Overfull \hbox (3.0196pt too wide) in paragraph at lines 220--220
[]|\TU/TimesNewRoman(0)/m/n/14.4 Скорость
 []


Overfull \hbox (2.78758pt too wide) in paragraph at lines 220--220
\TU/TimesNewRoman(0)/m/n/14.4 обучения| 
 []


Underfull \hbox (badness 10000) in paragraph at lines 220--220
[]|\TU/TimesNewRoman(0)/m/n/14.4 Лучший
 []


Overfull \hbox (0.79994pt too wide) in paragraph at lines 220--220
\TU/TimesNewRoman(0)/m/n/14.4 результат| 
 []


Underfull \hbox (badness 10000) in paragraph at lines 220--220
\TU/TimesNewRoman(0)/m/n/14.4 обучаемых
 []


Underfull \hbox (badness 10000) in paragraph at lines 220--221
[]|\TU/TimesNewRoman(0)/m/n/14.4 Тип
 []


Overfull \hbox (1.1423pt too wide) in paragraph at lines 221--222
[]|\TU/TimesNewRoman(0)/m/n/14.4 Дискретное| 
 []


Overfull \hbox (1.1423pt too wide) in paragraph at lines 222--223
[]|\TU/TimesNewRoman(0)/m/n/14.4 Дискретное| 
 []


Underfull \hbox (badness 10000) in paragraph at lines 223--223
[]|\TU/TimesNewRoman(0)/m/n/14.4 DUEL
 []


Overfull \hbox (1.1423pt too wide) in paragraph at lines 223--224
[]|\TU/TimesNewRoman(0)/m/n/14.4 Дискретное| 
 []


Overfull \hbox (1.1423pt too wide) in paragraph at lines 224--225
[]|\TU/TimesNewRoman(0)/m/n/14.4 Дискретное| 
 []


Overfull \hbox (1.0931pt too wide) in paragraph at lines 225--226
[]|\TU/TimesNewRoman(0)/m/n/14.4 Аналоговое| 
 []


Overfull \hbox (1.0931pt too wide) in paragraph at lines 226--227
[]|\TU/TimesNewRoman(0)/m/n/14.4 Аналоговое| 
 []


Overfull \hbox (1.0931pt too wide) in paragraph at lines 227--228
[]|\TU/TimesNewRoman(0)/m/n/14.4 Аналоговое| 
 []


Overfull \hbox (0.82256pt too wide) in paragraph at lines 219--230
[][] 
 []


Underfull \hbox (badness 10000) in paragraph at lines 232--236
[]\TU/TimesNewRoman(0)/m/n/14.4 Из полученных результатов, лучшими методами обу
чения для
 []


Underfull \hbox (badness 2726) in paragraph at lines 232--236
\TU/TimesNewRoman(0)/m/n/14.4 лучшего результата в 200 шагов, что является макс
имальным в данном
 []


Underfull \hbox (badness 2205) in paragraph at lines 232--236
\TU/TimesNewRoman(0)/m/n/14.4 эксперименте, также эти алгоритмы стабильные в от
личие от алгоритма
 []

[24]
Underfull \hbox (badness 1248) in paragraph at lines 237--240
\TU/TimesNewRoman(0)/m/n/14.4 алгоритм DDPG, но его максимальный результат в 2,
2 раза меньше, чем
 []


Underfull \hbox (badness 1622) in paragraph at lines 237--240
\TU/TimesNewRoman(0)/m/n/14.4 и TRPO не были переобучены за 4500 эпизодов, в то
 время как DDPG
 []


Underfull \hbox (badness 3646) in paragraph at lines 237--240
\TU/TimesNewRoman(0)/m/n/14.4 начал переобучаться сразу после своего максимальн
ого значения, после
 []

[25]) (inc/0-conclusion.tex
Underfull \hbox (badness 4416) in paragraph at lines 8--12
\TU/TimesNewRoman(0)/m/n/14.4 управления: подход на основе нечеткой логики, эво
люционный подход,
 []


Underfull \hbox (badness 2181) in paragraph at lines 8--12
\TU/TimesNewRoman(0)/m/n/14.4 сравнения представлены в [] Степень формализации 
– основной
 []


Underfull \hbox (badness 10000) in paragraph at lines 8--12
\TU/TimesNewRoman(0)/m/n/14.4 критерий, он показывает количество начальной инфо
рмации, которую
 []


Underfull \hbox (badness 4403) in paragraph at lines 29--33
\TU/TimesNewRoman(0)/m/n/14.4 маятника. Выбранные задачи обусловлены наличием г
отовых примеров.
 []

[26

]
Underfull \hbox (badness 10000) in paragraph at lines 34--38
\TU/TimesNewRoman(0)/m/n/14.4 обучения, качество, стабильность, количество обуч
аемый параметров.
 []


Underfull \hbox (badness 1132) in paragraph at lines 34--38
\TU/TimesNewRoman(0)/m/n/14.4 Результаты сравнения приведены в [] Из полученных
 результатов
 []


Underfull \hbox (badness 1264) in paragraph at lines 34--38
\TU/TimesNewRoman(0)/m/n/14.4 лучшими методами обучения для дискретного управле
ния являются DQN
 []

[27]) (inc/0-bibliography.tex
Underfull \hbox (badness 2057) in paragraph at lines 12--16
[]\TU/TimesNewRoman(0)/m/n/14.4 L.Silva, A.Silva «An Evolutionary Algorithm for
 Autonomous Robot
 []


Underfull \hbox (badness 10000) in paragraph at lines 24--28
[]\TU/TimesNewRoman(0)/m/n/14.4 М.С.Ситников «Анализ и синтез интеллектуальных 
систем
 []


Underfull \hbox (badness 4927) in paragraph at lines 36--40
[]\TU/TimesNewRoman(0)/m/n/14.4 P.Lamkhade, C.B.Kadu «Design and implementation
 of fuzzy logic
 []


Underfull \hbox (badness 10000) in paragraph at lines 42--46
[]\TU/TimesNewRoman(0)/m/n/14.4 Обучение с подкреплением, [Электронный ресурс].
 – URL:
 []


Underfull \hbox (badness 6316) in paragraph at lines 60--64
[]\TU/TimesNewRoman(0)/m/n/14.4 C.Florensa, D.Held «Automatic Goal Generation f
or Reinforcement
 []

[28

]
Underfull \hbox (badness 10000) in paragraph at lines 91--95
[]\TU/TimesNewRoman(0)/m/n/14.4 Policy gradient methods, [Электронный ресурс]. 
– URL:
 []


Underfull \hbox (badness 10000) in paragraph at lines 91--95
\TU/TimesNewRoman(0)/m/n/14.4 https://medium.freecodecamp.org/an-introduction-t
o-policy-gradients-with-
 []


Underfull \hbox (badness 6775) in paragraph at lines 97--101
[]\TU/TimesNewRoman(0)/m/n/14.4 T.P.Lillicrap, J.J.Hunt «Continuous control wit
h deep reinforcement
 []


Underfull \hbox (badness 10000) in paragraph at lines 103--107
[]\TU/TimesNewRoman(0)/m/n/14.4 J.Schulman, S.Levine «Trust Region Policy Optim
ization»,
 []


Underfull \hbox (badness 3930) in paragraph at lines 109--113
[]\TU/TimesNewRoman(0)/m/n/14.4 P.Bansal, E.Guerra «Minorization-Maximization (
MM) algorithms for
 []


Underfull \hbox (badness 10000) in paragraph at lines 121--125
[]\TU/TimesNewRoman(0)/m/n/14.4 MuJoCo – documentation, [Электронный ресурс]. –
 URL:
 []

[29])
Package atveryend Info: Empty hook `BeforeClearDocument' on input line 39.
Package atveryend Info: Empty hook `AfterLastShipout' on input line 39.
 (main.aux)
Package atveryend Info: Empty hook `AtVeryEndDocument' on input line 39.
Package atveryend Info: Executing hook `AtEndAfterFileList' on input line 39.
Package rerunfilecheck Info: File `main.out' has not changed.
(rerunfilecheck)             Checksum: 1B99160E91FAB3FDF363033FAF6B8D7D.
Package atveryend Info: Empty hook `AtVeryVeryEnd' on input line 39.
 ) 
Here is how much of TeX's memory you used:
 28650 strings out of 427748
 498120 string characters out of 3154572
 623609 words of memory out of 3000000
 32424 multiletter control sequences out of 15000+200000
 535401 words of font info for 49 fonts, out of 3000000 for 9000
 1328 hyphenation exceptions out of 8191
 42i,12n,67p,1361b,472s stack positions out of 5000i,500n,10000p,200000b,50000s

Output written on main.pdf (26 pages).
